{"N:\\Download\\PROGRAM\\Drafft\\Employee Management System\\src\\app\\data\\mockData.ts": {"path":"N:\\Download\\PROGRAM\\Drafft\\Employee Management System\\src\\app\\data\\mockData.ts","statementMap":{"0":{"start":{"line":6,"column":13},"end":{"line":115,"column":2}},"1":{"start":{"line":118,"column":13},"end":{"line":158,"column":2}},"2":{"start":{"line":161,"column":13},"end":{"line":187,"column":2}},"3":{"start":{"line":190,"column":13},"end":{"line":226,"column":2}},"4":{"start":{"line":229,"column":13},"end":{"line":236,"column":4}},"5":{"start":{"line":229,"column":77},"end":{"line":236,"column":2}},"6":{"start":{"line":239,"column":13},"end":{"line":249,"column":4}},"7":{"start":{"line":239,"column":79},"end":{"line":249,"column":2}},"8":{"start":{"line":252,"column":13},"end":{"line":273,"column":2}}},"fnMap":{"0":{"name":"(anonymous_0)","decl":{"start":{"line":229,"column":67},"end":{"line":229,"column":68}},"loc":{"start":{"line":229,"column":77},"end":{"line":236,"column":2}}},"1":{"name":"(anonymous_1)","decl":{"start":{"line":239,"column":69},"end":{"line":239,"column":70}},"loc":{"start":{"line":239,"column":79},"end":{"line":249,"column":2}}}},"branchMap":{},"s":{"0":5,"1":5,"2":5,"3":5,"4":5,"5":30,"6":5,"7":30,"8":5},"f":{"0":30,"1":30},"b":{}}
,"N:\\Download\\PROGRAM\\Drafft\\Employee Management System\\src\\app\\hooks\\useAuth.ts": {"path":"N:\\Download\\PROGRAM\\Drafft\\Employee Management System\\src\\app\\hooks\\useAuth.ts","statementMap":{"0":{"start":{"line":3,"column":0},"end":{"line":3,"column":42}},"1":{"start":{"line":6,"column":23},"end":{"line":28,"column":1}},"2":{"start":{"line":7,"column":15},"end":{"line":7,"column":60}},"3":{"start":{"line":7,"column":49},"end":{"line":7,"column":59}},"4":{"start":{"line":9,"column":18},"end":{"line":15,"column":3}},"5":{"start":{"line":10,"column":4},"end":{"line":10,"column":33}},"6":{"start":{"line":10,"column":20},"end":{"line":10,"column":33}},"7":{"start":{"line":11,"column":4},"end":{"line":13,"column":5}},"8":{"start":{"line":12,"column":6},"end":{"line":12,"column":43}},"9":{"start":{"line":14,"column":4},"end":{"line":14,"column":35}},"10":{"start":{"line":17,"column":18},"end":{"line":17,"column":40}},"11":{"start":{"line":17,"column":24},"end":{"line":17,"column":40}},"12":{"start":{"line":18,"column":22},"end":{"line":18,"column":60}},"13":{"start":{"line":18,"column":28},"end":{"line":18,"column":60}},"14":{"start":{"line":19,"column":21},"end":{"line":19,"column":46}},"15":{"start":{"line":19,"column":27},"end":{"line":19,"column":46}},"16":{"start":{"line":21,"column":2},"end":{"line":27,"column":4}},"17":{"start":{"line":6,"column":13},"end":{"line":6,"column":23}}},"fnMap":{"0":{"name":"(anonymous_0)","decl":{"start":{"line":6,"column":23},"end":{"line":6,"column":26}},"loc":{"start":{"line":6,"column":28},"end":{"line":28,"column":1}}},"1":{"name":"(anonymous_1)","decl":{"start":{"line":7,"column":27},"end":{"line":7,"column":28}},"loc":{"start":{"line":7,"column":49},"end":{"line":7,"column":59}}},"2":{"name":"(anonymous_2)","decl":{"start":{"line":9,"column":18},"end":{"line":9,"column":19}},"loc":{"start":{"line":9,"column":46},"end":{"line":15,"column":3}}},"3":{"name":"(anonymous_3)","decl":{"start":{"line":17,"column":18},"end":{"line":17,"column":21}},"loc":{"start":{"line":17,"column":24},"end":{"line":17,"column":40}}},"4":{"name":"(anonymous_4)","decl":{"start":{"line":18,"column":22},"end":{"line":18,"column":25}},"loc":{"start":{"line":18,"column":28},"end":{"line":18,"column":60}}},"5":{"name":"(anonymous_5)","decl":{"start":{"line":19,"column":21},"end":{"line":19,"column":24}},"loc":{"start":{"line":19,"column":27},"end":{"line":19,"column":46}}}},"branchMap":{"0":{"loc":{"start":{"line":10,"column":4},"end":{"line":10,"column":33}},"type":"if","locations":[{"start":{"line":10,"column":4},"end":{"line":10,"column":33}},{"start":{},"end":{}}]},"1":{"loc":{"start":{"line":11,"column":4},"end":{"line":13,"column":5}},"type":"if","locations":[{"start":{"line":11,"column":4},"end":{"line":13,"column":5}},{"start":{},"end":{}}]}},"s":{"0":1,"1":1,"2":2,"3":4,"4":2,"5":0,"6":0,"7":0,"8":0,"9":0,"10":2,"11":0,"12":2,"13":0,"14":2,"15":0,"16":2,"17":1},"f":{"0":2,"1":4,"2":0,"3":0,"4":0,"5":0},"b":{"0":[0,0],"1":[0,0]}}
,"N:\\Download\\PROGRAM\\Drafft\\Employee Management System\\src\\app\\store\\attendanceSlice.ts": {"path":"N:\\Download\\PROGRAM\\Drafft\\Employee Management System\\src\\app\\store\\attendanceSlice.ts","statementMap":{"0":{"start":{"line":3,"column":0},"end":{"line":3,"column":62}},"1":{"start":{"line":5,"column":0},"end":{"line":5,"column":53}},"2":{"start":{"line":21,"column":38},"end":{"line":26,"column":2}},"3":{"start":{"line":28,"column":24},"end":{"line":54,"column":2}},"4":{"start":{"line":33,"column":6},"end":{"line":33,"column":41}},"5":{"start":{"line":36,"column":20},"end":{"line":36,"column":82}},"6":{"start":{"line":36,"column":53},"end":{"line":36,"column":81}},"7":{"start":{"line":37,"column":6},"end":{"line":39,"column":7}},"8":{"start":{"line":38,"column":8},"end":{"line":38,"column":46}},"9":{"start":{"line":42,"column":6},"end":{"line":42,"column":79}},"10":{"start":{"line":42,"column":52},"end":{"line":42,"column":77}},"11":{"start":{"line":45,"column":6},"end":{"line":45,"column":44}},"12":{"start":{"line":48,"column":6},"end":{"line":48,"column":37}},"13":{"start":{"line":51,"column":6},"end":{"line":51,"column":60}},"14":{"start":{"line":56,"column":13},"end":{"line":56,"column":124}},"15":{"start":{"line":57,"column":0},"end":{"line":57,"column":39}}},"fnMap":{"0":{"name":"(anonymous_0)","decl":{"start":{"line":32,"column":25},"end":{"line":32,"column":26}},"loc":{"start":{"line":32,"column":76},"end":{"line":34,"column":5}}},"1":{"name":"(anonymous_1)","decl":{"start":{"line":35,"column":28},"end":{"line":35,"column":29}},"loc":{"start":{"line":35,"column":79},"end":{"line":40,"column":5}}},"2":{"name":"(anonymous_2)","decl":{"start":{"line":36,"column":44},"end":{"line":36,"column":45}},"loc":{"start":{"line":36,"column":53},"end":{"line":36,"column":81}}},"3":{"name":"(anonymous_3)","decl":{"start":{"line":41,"column":28},"end":{"line":41,"column":29}},"loc":{"start":{"line":41,"column":69},"end":{"line":43,"column":5}}},"4":{"name":"(anonymous_4)","decl":{"start":{"line":42,"column":43},"end":{"line":42,"column":44}},"loc":{"start":{"line":42,"column":52},"end":{"line":42,"column":77}}},"5":{"name":"(anonymous_5)","decl":{"start":{"line":44,"column":18},"end":{"line":44,"column":19}},"loc":{"start":{"line":44,"column":76},"end":{"line":46,"column":5}}},"6":{"name":"(anonymous_6)","decl":{"start":{"line":47,"column":16},"end":{"line":47,"column":17}},"loc":{"start":{"line":47,"column":58},"end":{"line":49,"column":5}}},"7":{"name":"(anonymous_7)","decl":{"start":{"line":50,"column":15},"end":{"line":50,"column":16}},"loc":{"start":{"line":50,"column":84},"end":{"line":52,"column":5}}}},"branchMap":{"0":{"loc":{"start":{"line":37,"column":6},"end":{"line":39,"column":7}},"type":"if","locations":[{"start":{"line":37,"column":6},"end":{"line":39,"column":7}},{"start":{},"end":{}}]}},"s":{"0":1,"1":1,"2":1,"3":1,"4":1,"5":1,"6":1,"7":1,"8":1,"9":1,"10":1,"11":0,"12":0,"13":0,"14":1,"15":1},"f":{"0":1,"1":1,"2":1,"3":1,"4":1,"5":0,"6":0,"7":0},"b":{"0":[1,0]}}
,"N:\\Download\\PROGRAM\\Drafft\\Employee Management System\\src\\app\\store\\authSlice.ts": {"path":"N:\\Download\\PROGRAM\\Drafft\\Employee Management System\\src\\app\\store\\authSlice.ts","statementMap":{"0":{"start":{"line":3,"column":0},"end":{"line":3,"column":62}},"1":{"start":{"line":6,"column":32},"end":{"line":10,"column":2}},"2":{"start":{"line":13,"column":28},"end":{"line":23,"column":1}},"3":{"start":{"line":14,"column":2},"end":{"line":21,"column":3}},"4":{"start":{"line":15,"column":23},"end":{"line":15,"column":55}},"5":{"start":{"line":16,"column":4},"end":{"line":18,"column":5}},"6":{"start":{"line":17,"column":6},"end":{"line":17,"column":36}},"7":{"start":{"line":20,"column":4},"end":{"line":20,"column":62}},"8":{"start":{"line":22,"column":2},"end":{"line":22,"column":22}},"9":{"start":{"line":26,"column":26},"end":{"line":32,"column":1}},"10":{"start":{"line":27,"column":2},"end":{"line":31,"column":3}},"11":{"start":{"line":28,"column":4},"end":{"line":28,"column":60}},"12":{"start":{"line":30,"column":4},"end":{"line":30,"column":60}},"13":{"start":{"line":34,"column":18},"end":{"line":55,"column":2}},"14":{"start":{"line":39,"column":6},"end":{"line":39,"column":39}},"15":{"start":{"line":40,"column":6},"end":{"line":40,"column":41}},"16":{"start":{"line":41,"column":6},"end":{"line":41,"column":35}},"17":{"start":{"line":42,"column":6},"end":{"line":42,"column":31}},"18":{"start":{"line":45,"column":6},"end":{"line":45,"column":24}},"19":{"start":{"line":46,"column":6},"end":{"line":46,"column":25}},"20":{"start":{"line":47,"column":6},"end":{"line":47,"column":36}},"21":{"start":{"line":48,"column":6},"end":{"line":48,"column":42}},"22":{"start":{"line":51,"column":6},"end":{"line":51,"column":34}},"23":{"start":{"line":52,"column":6},"end":{"line":52,"column":31}},"24":{"start":{"line":57,"column":13},"end":{"line":57,"column":45}},"25":{"start":{"line":58,"column":0},"end":{"line":58,"column":33}}},"fnMap":{"0":{"name":"(anonymous_0)","decl":{"start":{"line":13,"column":28},"end":{"line":13,"column":42}},"loc":{"start":{"line":13,"column":44},"end":{"line":23,"column":1}}},"1":{"name":"(anonymous_1)","decl":{"start":{"line":26,"column":26},"end":{"line":26,"column":27}},"loc":{"start":{"line":26,"column":47},"end":{"line":32,"column":1}}},"2":{"name":"(anonymous_2)","decl":{"start":{"line":38,"column":11},"end":{"line":38,"column":12}},"loc":{"start":{"line":38,"column":75},"end":{"line":43,"column":5}}},"3":{"name":"(anonymous_3)","decl":{"start":{"line":44,"column":12},"end":{"line":44,"column":13}},"loc":{"start":{"line":44,"column":22},"end":{"line":49,"column":5}}},"4":{"name":"(anonymous_4)","decl":{"start":{"line":50,"column":16},"end":{"line":50,"column":17}},"loc":{"start":{"line":50,"column":55},"end":{"line":53,"column":5}}}},"branchMap":{"0":{"loc":{"start":{"line":16,"column":4},"end":{"line":18,"column":5}},"type":"if","locations":[{"start":{"line":16,"column":4},"end":{"line":18,"column":5}},{"start":{},"end":{}}]}},"s":{"0":2,"1":2,"2":2,"3":2,"4":2,"5":2,"6":0,"7":0,"8":2,"9":2,"10":1,"11":1,"12":0,"13":2,"14":1,"15":1,"16":1,"17":1,"18":1,"19":1,"20":1,"21":1,"22":0,"23":0,"24":2,"25":2},"f":{"0":2,"1":1,"2":1,"3":1,"4":0},"b":{"0":[0,2]}}
,"N:\\Download\\PROGRAM\\Drafft\\Employee Management System\\src\\app\\store\\departmentSlice.ts": {"path":"N:\\Download\\PROGRAM\\Drafft\\Employee Management System\\src\\app\\store\\departmentSlice.ts","statementMap":{"0":{"start":{"line":3,"column":0},"end":{"line":3,"column":62}},"1":{"start":{"line":5,"column":0},"end":{"line":5,"column":54}},"2":{"start":{"line":13,"column":38},"end":{"line":17,"column":2}},"3":{"start":{"line":19,"column":24},"end":{"line":48,"column":2}},"4":{"start":{"line":24,"column":6},"end":{"line":24,"column":45}},"5":{"start":{"line":27,"column":20},"end":{"line":27,"column":88}},"6":{"start":{"line":27,"column":58},"end":{"line":27,"column":87}},"7":{"start":{"line":28,"column":6},"end":{"line":30,"column":7}},"8":{"start":{"line":29,"column":8},"end":{"line":29,"column":50}},"9":{"start":{"line":33,"column":6},"end":{"line":33,"column":89}},"10":{"start":{"line":33,"column":61},"end":{"line":33,"column":87}},"11":{"start":{"line":36,"column":6},"end":{"line":36,"column":48}},"12":{"start":{"line":39,"column":6},"end":{"line":39,"column":37}},"13":{"start":{"line":42,"column":19},"end":{"line":42,"column":86}},"14":{"start":{"line":42,"column":49},"end":{"line":42,"column":85}},"15":{"start":{"line":43,"column":6},"end":{"line":45,"column":7}},"16":{"start":{"line":44,"column":8},"end":{"line":44,"column":50}},"17":{"start":{"line":50,"column":13},"end":{"line":56,"column":null}},"18":{"start":{"line":58,"column":0},"end":{"line":58,"column":39}}},"fnMap":{"0":{"name":"(anonymous_0)","decl":{"start":{"line":23,"column":19},"end":{"line":23,"column":20}},"loc":{"start":{"line":23,"column":64},"end":{"line":25,"column":5}}},"1":{"name":"(anonymous_1)","decl":{"start":{"line":26,"column":22},"end":{"line":26,"column":23}},"loc":{"start":{"line":26,"column":67},"end":{"line":31,"column":5}}},"2":{"name":"(anonymous_2)","decl":{"start":{"line":27,"column":48},"end":{"line":27,"column":49}},"loc":{"start":{"line":27,"column":58},"end":{"line":27,"column":87}}},"3":{"name":"(anonymous_3)","decl":{"start":{"line":32,"column":22},"end":{"line":32,"column":23}},"loc":{"start":{"line":32,"column":63},"end":{"line":34,"column":5}}},"4":{"name":"(anonymous_4)","decl":{"start":{"line":33,"column":51},"end":{"line":33,"column":52}},"loc":{"start":{"line":33,"column":61},"end":{"line":33,"column":87}}},"5":{"name":"(anonymous_5)","decl":{"start":{"line":35,"column":22},"end":{"line":35,"column":23}},"loc":{"start":{"line":35,"column":74},"end":{"line":37,"column":5}}},"6":{"name":"(anonymous_6)","decl":{"start":{"line":38,"column":16},"end":{"line":38,"column":17}},"loc":{"start":{"line":38,"column":58},"end":{"line":40,"column":5}}},"7":{"name":"(anonymous_7)","decl":{"start":{"line":41,"column":31},"end":{"line":41,"column":32}},"loc":{"start":{"line":41,"column":105},"end":{"line":46,"column":5}}},"8":{"name":"(anonymous_8)","decl":{"start":{"line":42,"column":42},"end":{"line":42,"column":43}},"loc":{"start":{"line":42,"column":49},"end":{"line":42,"column":85}}}},"branchMap":{"0":{"loc":{"start":{"line":28,"column":6},"end":{"line":30,"column":7}},"type":"if","locations":[{"start":{"line":28,"column":6},"end":{"line":30,"column":7}},{"start":{},"end":{}}]},"1":{"loc":{"start":{"line":43,"column":6},"end":{"line":45,"column":7}},"type":"if","locations":[{"start":{"line":43,"column":6},"end":{"line":45,"column":7}},{"start":{},"end":{}}]}},"s":{"0":1,"1":1,"2":1,"3":1,"4":1,"5":1,"6":1,"7":1,"8":1,"9":1,"10":1,"11":0,"12":0,"13":0,"14":0,"15":0,"16":0,"17":1,"18":1},"f":{"0":1,"1":1,"2":1,"3":1,"4":1,"5":0,"6":0,"7":0,"8":0},"b":{"0":[1,0],"1":[0,0]}}
,"N:\\Download\\PROGRAM\\Drafft\\Employee Management System\\src\\app\\store\\employeeSlice.ts": {"path":"N:\\Download\\PROGRAM\\Drafft\\Employee Management System\\src\\app\\store\\employeeSlice.ts","statementMap":{"0":{"start":{"line":3,"column":0},"end":{"line":3,"column":62}},"1":{"start":{"line":5,"column":0},"end":{"line":5,"column":52}},"2":{"start":{"line":13,"column":36},"end":{"line":17,"column":2}},"3":{"start":{"line":19,"column":22},"end":{"line":42,"column":2}},"4":{"start":{"line":24,"column":6},"end":{"line":24,"column":43}},"5":{"start":{"line":27,"column":20},"end":{"line":27,"column":84}},"6":{"start":{"line":27,"column":55},"end":{"line":27,"column":83}},"7":{"start":{"line":28,"column":6},"end":{"line":30,"column":7}},"8":{"start":{"line":29,"column":8},"end":{"line":29,"column":48}},"9":{"start":{"line":33,"column":6},"end":{"line":33,"column":83}},"10":{"start":{"line":33,"column":56},"end":{"line":33,"column":81}},"11":{"start":{"line":36,"column":6},"end":{"line":36,"column":46}},"12":{"start":{"line":39,"column":6},"end":{"line":39,"column":37}},"13":{"start":{"line":44,"column":13},"end":{"line":44,"column":91}},"14":{"start":{"line":45,"column":0},"end":{"line":45,"column":37}}},"fnMap":{"0":{"name":"(anonymous_0)","decl":{"start":{"line":23,"column":17},"end":{"line":23,"column":18}},"loc":{"start":{"line":23,"column":60},"end":{"line":25,"column":5}}},"1":{"name":"(anonymous_1)","decl":{"start":{"line":26,"column":20},"end":{"line":26,"column":21}},"loc":{"start":{"line":26,"column":63},"end":{"line":31,"column":5}}},"2":{"name":"(anonymous_2)","decl":{"start":{"line":27,"column":46},"end":{"line":27,"column":47}},"loc":{"start":{"line":27,"column":55},"end":{"line":27,"column":83}}},"3":{"name":"(anonymous_3)","decl":{"start":{"line":32,"column":20},"end":{"line":32,"column":21}},"loc":{"start":{"line":32,"column":61},"end":{"line":34,"column":5}}},"4":{"name":"(anonymous_4)","decl":{"start":{"line":33,"column":47},"end":{"line":33,"column":48}},"loc":{"start":{"line":33,"column":56},"end":{"line":33,"column":81}}},"5":{"name":"(anonymous_5)","decl":{"start":{"line":35,"column":20},"end":{"line":35,"column":21}},"loc":{"start":{"line":35,"column":70},"end":{"line":37,"column":5}}},"6":{"name":"(anonymous_6)","decl":{"start":{"line":38,"column":16},"end":{"line":38,"column":17}},"loc":{"start":{"line":38,"column":58},"end":{"line":40,"column":5}}}},"branchMap":{"0":{"loc":{"start":{"line":28,"column":6},"end":{"line":30,"column":7}},"type":"if","locations":[{"start":{"line":28,"column":6},"end":{"line":30,"column":7}},{"start":{},"end":{}}]}},"s":{"0":1,"1":1,"2":1,"3":1,"4":1,"5":1,"6":1,"7":1,"8":1,"9":1,"10":1,"11":0,"12":0,"13":1,"14":1},"f":{"0":1,"1":1,"2":1,"3":1,"4":1,"5":0,"6":0},"b":{"0":[1,0]}}
,"N:\\Download\\PROGRAM\\Drafft\\Employee Management System\\src\\app\\store\\leaveSlice.ts": {"path":"N:\\Download\\PROGRAM\\Drafft\\Employee Management System\\src\\app\\store\\leaveSlice.ts","statementMap":{"0":{"start":{"line":3,"column":0},"end":{"line":3,"column":62}},"1":{"start":{"line":5,"column":0},"end":{"line":5,"column":75}},"2":{"start":{"line":19,"column":33},"end":{"line":25,"column":2}},"3":{"start":{"line":27,"column":19},"end":{"line":76,"column":2}},"4":{"start":{"line":32,"column":6},"end":{"line":32,"column":42}},"5":{"start":{"line":35,"column":20},"end":{"line":35,"column":83}},"6":{"start":{"line":35,"column":54},"end":{"line":35,"column":82}},"7":{"start":{"line":36,"column":6},"end":{"line":38,"column":7}},"8":{"start":{"line":37,"column":8},"end":{"line":37,"column":47}},"9":{"start":{"line":41,"column":22},"end":{"line":41,"column":87}},"10":{"start":{"line":41,"column":51},"end":{"line":41,"column":86}},"11":{"start":{"line":42,"column":6},"end":{"line":46,"column":7}},"12":{"start":{"line":43,"column":8},"end":{"line":43,"column":36}},"13":{"start":{"line":44,"column":8},"end":{"line":44,"column":55}},"14":{"start":{"line":45,"column":8},"end":{"line":45,"column":59}},"15":{"start":{"line":49,"column":22},"end":{"line":49,"column":87}},"16":{"start":{"line":49,"column":51},"end":{"line":49,"column":86}},"17":{"start":{"line":50,"column":6},"end":{"line":53,"column":7}},"18":{"start":{"line":51,"column":8},"end":{"line":51,"column":36}},"19":{"start":{"line":52,"column":8},"end":{"line":52,"column":65}},"20":{"start":{"line":56,"column":6},"end":{"line":56,"column":81}},"21":{"start":{"line":56,"column":54},"end":{"line":56,"column":79}},"22":{"start":{"line":59,"column":20},"end":{"line":59,"column":99}},"23":{"start":{"line":59,"column":54},"end":{"line":59,"column":98}},"24":{"start":{"line":60,"column":6},"end":{"line":64,"column":7}},"25":{"start":{"line":61,"column":8},"end":{"line":61,"column":47}},"26":{"start":{"line":63,"column":8},"end":{"line":63,"column":44}},"27":{"start":{"line":67,"column":6},"end":{"line":67,"column":45}},"28":{"start":{"line":70,"column":6},"end":{"line":70,"column":37}},"29":{"start":{"line":73,"column":6},"end":{"line":73,"column":60}},"30":{"start":{"line":78,"column":13},"end":{"line":87,"column":null}},"31":{"start":{"line":89,"column":0},"end":{"line":89,"column":34}}},"fnMap":{"0":{"name":"(anonymous_0)","decl":{"start":{"line":31,"column":21},"end":{"line":31,"column":22}},"loc":{"start":{"line":31,"column":68},"end":{"line":33,"column":5}}},"1":{"name":"(anonymous_1)","decl":{"start":{"line":34,"column":24},"end":{"line":34,"column":25}},"loc":{"start":{"line":34,"column":71},"end":{"line":39,"column":5}}},"2":{"name":"(anonymous_2)","decl":{"start":{"line":35,"column":45},"end":{"line":35,"column":46}},"loc":{"start":{"line":35,"column":54},"end":{"line":35,"column":82}}},"3":{"name":"(anonymous_3)","decl":{"start":{"line":40,"column":25},"end":{"line":40,"column":26}},"loc":{"start":{"line":40,"column":123},"end":{"line":47,"column":5}}},"4":{"name":"(anonymous_4)","decl":{"start":{"line":41,"column":42},"end":{"line":41,"column":43}},"loc":{"start":{"line":41,"column":51},"end":{"line":41,"column":86}}},"5":{"name":"(anonymous_5)","decl":{"start":{"line":48,"column":24},"end":{"line":48,"column":25}},"loc":{"start":{"line":48,"column":105},"end":{"line":54,"column":5}}},"6":{"name":"(anonymous_6)","decl":{"start":{"line":49,"column":42},"end":{"line":49,"column":43}},"loc":{"start":{"line":49,"column":51},"end":{"line":49,"column":86}}},"7":{"name":"(anonymous_7)","decl":{"start":{"line":55,"column":24},"end":{"line":55,"column":25}},"loc":{"start":{"line":55,"column":65},"end":{"line":57,"column":5}}},"8":{"name":"(anonymous_8)","decl":{"start":{"line":56,"column":45},"end":{"line":56,"column":46}},"loc":{"start":{"line":56,"column":54},"end":{"line":56,"column":79}}},"9":{"name":"(anonymous_9)","decl":{"start":{"line":58,"column":24},"end":{"line":58,"column":25}},"loc":{"start":{"line":58,"column":71},"end":{"line":65,"column":5}}},"10":{"name":"(anonymous_10)","decl":{"start":{"line":59,"column":45},"end":{"line":59,"column":46}},"loc":{"start":{"line":59,"column":54},"end":{"line":59,"column":98}}},"11":{"name":"(anonymous_11)","decl":{"start":{"line":66,"column":19},"end":{"line":66,"column":20}},"loc":{"start":{"line":66,"column":73},"end":{"line":68,"column":5}}},"12":{"name":"(anonymous_12)","decl":{"start":{"line":69,"column":16},"end":{"line":69,"column":17}},"loc":{"start":{"line":69,"column":58},"end":{"line":71,"column":5}}},"13":{"name":"(anonymous_13)","decl":{"start":{"line":72,"column":15},"end":{"line":72,"column":16}},"loc":{"start":{"line":72,"column":79},"end":{"line":74,"column":5}}}},"branchMap":{"0":{"loc":{"start":{"line":36,"column":6},"end":{"line":38,"column":7}},"type":"if","locations":[{"start":{"line":36,"column":6},"end":{"line":38,"column":7}},{"start":{},"end":{}}]},"1":{"loc":{"start":{"line":42,"column":6},"end":{"line":46,"column":7}},"type":"if","locations":[{"start":{"line":42,"column":6},"end":{"line":46,"column":7}},{"start":{},"end":{}}]},"2":{"loc":{"start":{"line":50,"column":6},"end":{"line":53,"column":7}},"type":"if","locations":[{"start":{"line":50,"column":6},"end":{"line":53,"column":7}},{"start":{},"end":{}}]},"3":{"loc":{"start":{"line":60,"column":6},"end":{"line":64,"column":7}},"type":"if","locations":[{"start":{"line":60,"column":6},"end":{"line":64,"column":7}},{"start":{"line":62,"column":13},"end":{"line":64,"column":7}}]}},"s":{"0":1,"1":1,"2":1,"3":1,"4":1,"5":1,"6":1,"7":1,"8":1,"9":0,"10":0,"11":0,"12":0,"13":0,"14":0,"15":0,"16":0,"17":0,"18":0,"19":0,"20":1,"21":1,"22":0,"23":0,"24":0,"25":0,"26":0,"27":0,"28":0,"29":0,"30":1,"31":1},"f":{"0":1,"1":1,"2":1,"3":0,"4":0,"5":0,"6":0,"7":1,"8":1,"9":0,"10":0,"11":0,"12":0,"13":0},"b":{"0":[1,0],"1":[0,0],"2":[0,0],"3":[0,0]}}
,"N:\\Download\\PROGRAM\\Drafft\\Employee Management System\\src\\app\\store\\payrollSlice.ts": {"path":"N:\\Download\\PROGRAM\\Drafft\\Employee Management System\\src\\app\\store\\payrollSlice.ts","statementMap":{"0":{"start":{"line":3,"column":0},"end":{"line":3,"column":62}},"1":{"start":{"line":5,"column":0},"end":{"line":5,"column":57}},"2":{"start":{"line":19,"column":35},"end":{"line":24,"column":2}},"3":{"start":{"line":26,"column":21},"end":{"line":65,"column":2}},"4":{"start":{"line":31,"column":6},"end":{"line":31,"column":41}},"5":{"start":{"line":34,"column":20},"end":{"line":34,"column":82}},"6":{"start":{"line":34,"column":53},"end":{"line":34,"column":81}},"7":{"start":{"line":35,"column":6},"end":{"line":37,"column":7}},"8":{"start":{"line":36,"column":8},"end":{"line":36,"column":46}},"9":{"start":{"line":40,"column":21},"end":{"line":40,"column":84}},"10":{"start":{"line":40,"column":49},"end":{"line":40,"column":83}},"11":{"start":{"line":41,"column":6},"end":{"line":44,"column":7}},"12":{"start":{"line":42,"column":8},"end":{"line":42,"column":31}},"13":{"start":{"line":43,"column":8},"end":{"line":43,"column":50}},"14":{"start":{"line":47,"column":6},"end":{"line":47,"column":79}},"15":{"start":{"line":47,"column":52},"end":{"line":47,"column":77}},"16":{"start":{"line":50,"column":6},"end":{"line":50,"column":44}},"17":{"start":{"line":53,"column":6},"end":{"line":53,"column":37}},"18":{"start":{"line":56,"column":6},"end":{"line":56,"column":60}},"19":{"start":{"line":59,"column":30},"end":{"line":60,"column":null}},"20":{"start":{"line":60,"column":17},"end":{"line":60,"column":147}},"21":{"start":{"line":60,"column":51},"end":{"line":60,"column":145}},"22":{"start":{"line":62,"column":6},"end":{"line":62,"column":62}},"23":{"start":{"line":67,"column":13},"end":{"line":75,"column":null}},"24":{"start":{"line":77,"column":0},"end":{"line":77,"column":36}}},"fnMap":{"0":{"name":"(anonymous_0)","decl":{"start":{"line":30,"column":22},"end":{"line":30,"column":23}},"loc":{"start":{"line":30,"column":70},"end":{"line":32,"column":5}}},"1":{"name":"(anonymous_1)","decl":{"start":{"line":33,"column":25},"end":{"line":33,"column":26}},"loc":{"start":{"line":33,"column":73},"end":{"line":38,"column":5}}},"2":{"name":"(anonymous_2)","decl":{"start":{"line":34,"column":44},"end":{"line":34,"column":45}},"loc":{"start":{"line":34,"column":53},"end":{"line":34,"column":81}}},"3":{"name":"(anonymous_3)","decl":{"start":{"line":39,"column":23},"end":{"line":39,"column":24}},"loc":{"start":{"line":39,"column":96},"end":{"line":45,"column":5}}},"4":{"name":"(anonymous_4)","decl":{"start":{"line":40,"column":40},"end":{"line":40,"column":41}},"loc":{"start":{"line":40,"column":49},"end":{"line":40,"column":83}}},"5":{"name":"(anonymous_5)","decl":{"start":{"line":46,"column":25},"end":{"line":46,"column":26}},"loc":{"start":{"line":46,"column":66},"end":{"line":48,"column":5}}},"6":{"name":"(anonymous_6)","decl":{"start":{"line":47,"column":43},"end":{"line":47,"column":44}},"loc":{"start":{"line":47,"column":52},"end":{"line":47,"column":77}}},"7":{"name":"(anonymous_7)","decl":{"start":{"line":49,"column":18},"end":{"line":49,"column":19}},"loc":{"start":{"line":49,"column":73},"end":{"line":51,"column":5}}},"8":{"name":"(anonymous_8)","decl":{"start":{"line":52,"column":16},"end":{"line":52,"column":17}},"loc":{"start":{"line":52,"column":58},"end":{"line":54,"column":5}}},"9":{"name":"(anonymous_9)","decl":{"start":{"line":55,"column":15},"end":{"line":55,"column":16}},"loc":{"start":{"line":55,"column":81},"end":{"line":57,"column":5}}},"10":{"name":"(anonymous_10)","decl":{"start":{"line":58,"column":25},"end":{"line":58,"column":26}},"loc":{"start":{"line":58,"column":75},"end":{"line":63,"column":5}}},"11":{"name":"(anonymous_11)","decl":{"start":{"line":60,"column":8},"end":{"line":60,"column":9}},"loc":{"start":{"line":60,"column":17},"end":{"line":60,"column":147}}},"12":{"name":"(anonymous_12)","decl":{"start":{"line":60,"column":39},"end":{"line":60,"column":40}},"loc":{"start":{"line":60,"column":51},"end":{"line":60,"column":145}}}},"branchMap":{"0":{"loc":{"start":{"line":35,"column":6},"end":{"line":37,"column":7}},"type":"if","locations":[{"start":{"line":35,"column":6},"end":{"line":37,"column":7}},{"start":{},"end":{}}]},"1":{"loc":{"start":{"line":41,"column":6},"end":{"line":44,"column":7}},"type":"if","locations":[{"start":{"line":41,"column":6},"end":{"line":44,"column":7}},{"start":{},"end":{}}]},"2":{"loc":{"start":{"line":60,"column":51},"end":{"line":60,"column":145}},"type":"binary-expr","locations":[{"start":{"line":60,"column":51},"end":{"line":60,"column":87}},{"start":{"line":60,"column":91},"end":{"line":60,"column":117}},{"start":{"line":60,"column":121},"end":{"line":60,"column":145}}]}},"s":{"0":1,"1":1,"2":1,"3":1,"4":1,"5":1,"6":1,"7":1,"8":1,"9":0,"10":0,"11":0,"12":0,"13":0,"14":1,"15":1,"16":0,"17":0,"18":0,"19":0,"20":0,"21":0,"22":0,"23":1,"24":1},"f":{"0":1,"1":1,"2":1,"3":0,"4":0,"5":1,"6":1,"7":0,"8":0,"9":0,"10":0,"11":0,"12":0},"b":{"0":[1,0],"1":[0,0],"2":[0,0,0]}}
}
